<?xml version="1.0" encoding="UTF-8"?>
<!-- Generated by org.testng.reporters.JUnitXMLReporter -->
<testsuite ignored="0" hostname="DELL-C0HKRC2" failures="0" tests="5" name="Test" time="30.343" errors="0" timestamp="2022-06-03T21:19:12 ART">
  <testcase classname="pruebas.Laboratorio8" name="login" time="5.132"/>
  <testcase classname="pruebas.Laboratorio8" name="login" time="4.068"/>
  <testcase classname="pruebas.Laboratorio8" name="login" time="6.913"/>
  <testcase classname="pruebas.Laboratorio8" name="login" time="6.948"/>
  <testcase classname="pruebas.Laboratorio8" name="login" time="5.399"/>
</testsuite> <!-- Test -->
