<?xml version="1.0" encoding="UTF-8"?>
<testng-results ignored="0" total="1" passed="1" failed="0" skipped="0">
  <reporter-output>
  </reporter-output>
  <suite started-at="2022-06-08T20:56:01 ART" name="Default suite" finished-at="2022-06-08T20:56:02 ART" duration-ms="1332">
    <groups>
    </groups>
    <test started-at="2022-06-08T20:56:01 ART" name="Default test" finished-at="2022-06-08T20:56:02 ART" duration-ms="1332">
      <class name="pruebas.AccesoABaseDeDatos">
        <test-method signature="testBaseDeDatos()[pri:0, instance:pruebas.AccesoABaseDeDatos@795cd85e]" started-at="2022-06-08T20:56:01 ART" name="testBaseDeDatos" finished-at="2022-06-08T20:56:02 ART" duration-ms="1247" status="PASS">
          <reporter-output>
          </reporter-output>
        </test-method> <!-- testBaseDeDatos -->
      </class> <!-- pruebas.AccesoABaseDeDatos -->
    </test> <!-- Default test -->
  </suite> <!-- Default suite -->
</testng-results>
